davos_20240116
davos_20240122
schanf_20240108
davos_20240118
schanf_20240119
schanf_20240116
schanf_20240115
davos_20240110
davos_20240108
davos_20240115
davos_20240124
schanf_20240122
schanf_20240124
schanf_20240117
schanf_20240110
schanf_20240118
davos_20240117
davos_20240119
              sample amplicon      frac  ... mut_oneless  omxbb15  ombba286
0     davos_20240116        1  0.000097  ...       93101      1.0       NaN
1     davos_20240116        2  0.000412  ...        2480      1.0       NaN
2     davos_20240116       33  0.036876  ...           0      1.0       NaN
3     davos_20240116       52  0.003472  ...       89119      1.0       NaN
4     davos_20240116       71  1.000000  ...           0      1.0       NaN
5     davos_20240116       72  0.000000  ...         105      1.0       NaN
6     davos_20240116       73  0.000000  ...          65      1.0       NaN
7     davos_20240116       74  0.000000  ...           0      1.0       NaN
8     davos_20240116       75  0.000000  ...           0      1.0       NaN
9     davos_20240116       76  0.000000  ...           0      1.0       NaN
10    davos_20240116       77  0.000000  ...           0      1.0       NaN
11    davos_20240116       78  0.000213  ...       23830      1.0       NaN
12    davos_20240116       79  0.000038  ...       26543      1.0       NaN
13    davos_20240116       81  1.000000  ...           2      1.0       NaN
14    davos_20240116       85  0.104379  ...       38019      1.0       NaN
15    davos_20240116       87  0.000233  ...       12847      1.0       NaN
16    davos_20240116       89  0.998906  ...        4051      1.0       NaN
17    davos_20240116       93  0.034801  ...       39435      1.0       NaN
18    davos_20240116       14  0.999658  ...         162      1.0       1.0
19    davos_20240116       31  1.000000  ...          52      1.0       1.0
20    davos_20240116       34  0.999685  ...         626      1.0       1.0
21    davos_20240116       35  0.999709  ...          12      1.0       1.0
22    davos_20240116       66  0.999793  ...         516      1.0       1.0
23    davos_20240116       91  0.999659  ...       15801      1.0       1.0
24    davos_20240116       94  0.999052  ...       30609      1.0       1.0
25    davos_20240116       95  0.997797  ...      260057      1.0       1.0
26    davos_20240116       99  0.999758  ...      264853      1.0       1.0
27    davos_20240116        3  0.999739  ...        1566      NaN       1.0
28    davos_20240116       12  0.000000  ...        5653      NaN       1.0
29    davos_20240116       37  0.999893  ...           0      NaN       1.0
30    davos_20240116       42  0.999483  ...          45      NaN       1.0
31    davos_20240116       52  0.974130  ...       78934      NaN       1.0
32    davos_20240116       71  1.000000  ...           0      NaN       1.0
33    davos_20240116       72  1.000000  ...           0      NaN       1.0
34    davos_20240116       73  0.000000  ...        6478      NaN       1.0
35    davos_20240116       74  0.999546  ...          99      NaN       1.0
36    davos_20240116       75  0.930441  ...           6      NaN       1.0
37    davos_20240116       76  0.020408  ...          48      NaN       1.0
38    davos_20240116       77  0.018868  ...          52      NaN       1.0
39    davos_20240116       78  0.999007  ...        1730      NaN       1.0
40    davos_20240116       79  0.999435  ...         198      NaN       1.0
41    davos_20240116       81  1.000000  ...           2      NaN       1.0
42    davos_20240116       83  0.999377  ...          43      NaN       1.0
43    davos_20240116       87  0.999378  ...         944      NaN       1.0
44    davos_20240116       88  0.999238  ...          57      NaN       1.0
45    davos_20240116       89  0.998331  ...         141      NaN       1.0
46    davos_20240116       92  0.974558  ...         576      NaN       1.0
47    davos_20240116       93  0.964911  ...        1439      NaN       1.0
48    davos_20240116       97  0.998247  ...         235      NaN       1.0
49    davos_20240122        1  0.000051  ...      236581      1.0       NaN
50    davos_20240122        2  0.000893  ...        1176      1.0       NaN
51    davos_20240122       33  0.049409  ...           0      1.0       NaN
52    davos_20240122       52  0.000018  ...      241799      1.0       NaN
53    davos_20240122       71  0.998933  ...           2      1.0       NaN
54    davos_20240122       72  0.000000  ...        1961      1.0       NaN
55    davos_20240122       73  0.000000  ...           0      1.0       NaN
56    davos_20240122       74  0.000000  ...           1      1.0       NaN
57    davos_20240122       75  0.000000  ...           4      1.0       NaN
58    davos_20240122       76  0.000000  ...           0      1.0       NaN
59    davos_20240122       77  0.000000  ...           0      1.0       NaN
60    davos_20240122       78  0.000064  ...       55899      1.0       NaN
61    davos_20240122       79  0.000085  ...       35392      1.0       NaN
62    davos_20240122       81  0.998363  ...           4      1.0       NaN
63    davos_20240122       85  0.000021  ...       96084      1.0       NaN
64    davos_20240122       87  0.000081  ...       24809      1.0       NaN
65    davos_20240122       89  0.999113  ...       49616      1.0       NaN
66    davos_20240122       93  0.000019  ...      161473      1.0       NaN
67    davos_20240122       14  0.999614  ...        1068      1.0       1.0
68    davos_20240122       31  0.999476  ...         293      1.0       1.0
69    davos_20240122       34  0.999571  ...        2688      1.0       1.0
70    davos_20240122       35  0.999607  ...          52      1.0       1.0
71    davos_20240122       66  0.999797  ...        8044      1.0       1.0
72    davos_20240122       91  0.998338  ...       98713      1.0       1.0
73    davos_20240122       94  0.998002  ...       54712      1.0       1.0
74    davos_20240122       95  0.998149  ...      488192      1.0       1.0
75    davos_20240122       99  0.999739  ...      459298      1.0       1.0
76    davos_20240122        3  0.999760  ...        2998      NaN       1.0
77    davos_20240122       12  0.000000  ...       38464      NaN       1.0
78    davos_20240122       37  0.999810  ...           0      NaN       1.0
79    davos_20240122       42  0.999619  ...         115      NaN       1.0
80    davos_20240122       52  0.999650  ...      199006      NaN       1.0
81    davos_20240122       71  0.998400  ...           3      NaN       1.0
82    davos_20240122       72  0.989583  ...           1      NaN       1.0
83    davos_20240122       73  0.000000  ...       55309      NaN       1.0
84    davos_20240122       74  0.998758  ...         771      NaN       1.0
85    davos_20240122       75  0.998234  ...          56      NaN       1.0
86    davos_20240122       76  0.994573  ...          12      NaN       1.0
87    davos_20240122       77  0.993606  ...           5      NaN       1.0
88    davos_20240122       78  0.887096  ...       10032      NaN       1.0
89    davos_20240122       79  0.999492  ...         380      NaN       1.0
90    davos_20240122       81  0.998363  ...           4      NaN       1.0
91    davos_20240122       83  0.999756  ...         108      NaN       1.0
92    davos_20240122       87  0.999758  ...        9774      NaN       1.0
93    davos_20240122       88  0.999199  ...         770      NaN       1.0
94    davos_20240122       89  0.998847  ...         575      NaN       1.0
95    davos_20240122       92  0.999457  ...        1916      NaN       1.0
96    davos_20240122       93  0.999783  ...          51      NaN       1.0
97    davos_20240122       97  0.998487  ...         215      NaN       1.0
98   schanf_20240108        1       NaN  ...           0      1.0       NaN
99   schanf_20240108        2  0.000000  ...           4      1.0       NaN
100  schanf_20240108       33  0.095506  ...           0      1.0       NaN
101  schanf_20240108       52  0.002575  ...        9965      1.0       NaN
102  schanf_20240108       71       NaN  ...           0      1.0       NaN
103  schanf_20240108       72  1.000000  ...           1      1.0       NaN
104  schanf_20240108       73       NaN  ...           0      1.0       NaN
105  schanf_20240108       74  0.363636  ...           0      1.0       NaN
106  schanf_20240108       75  0.000000  ...           0      1.0       NaN
107  schanf_20240108       76  0.000000  ...           2      1.0       NaN
108  schanf_20240108       77  0.000000  ...           2      1.0       NaN
109  schanf_20240108       78  0.477573  ...         396      1.0       NaN
110  schanf_20240108       79       NaN  ...           0      1.0       NaN
111  schanf_20240108       81  1.000000  ...           0      1.0       NaN
112  schanf_20240108       85  0.000000  ...          34      1.0       NaN
113  schanf_20240108       87  0.128242  ...         605      1.0       NaN
114  schanf_20240108       89  1.000000  ...           2      1.0       NaN
115  schanf_20240108       93  0.000000  ...         127      1.0       NaN
116  schanf_20240108       14       NaN  ...           0      1.0       1.0
117  schanf_20240108       31  1.000000  ...           0      1.0       1.0
118  schanf_20240108       34  1.000000  ...          17      1.0       1.0
119  schanf_20240108       35  1.000000  ...           0      1.0       1.0
120  schanf_20240108       66  0.999535  ...          13      1.0       1.0
121  schanf_20240108       91  1.000000  ...          44      1.0       1.0
122  schanf_20240108       94  0.998751  ...        9325      1.0       1.0
123  schanf_20240108       95  0.996667  ...       69329      1.0       1.0
124  schanf_20240108       99  0.999725  ...      112303      1.0       1.0
125  schanf_20240108        3  0.389051  ...        1074      NaN       1.0
126  schanf_20240108       12  0.387097  ...           0      NaN       1.0
127  schanf_20240108       37  1.000000  ...           0      NaN       1.0
128  schanf_20240108       42  1.000000  ...           0      NaN       1.0
129  schanf_20240108       52  0.950855  ...        9543      NaN       1.0
130  schanf_20240108       71       NaN  ...           0      NaN       1.0
131  schanf_20240108       72  0.000000  ...           0      NaN       1.0
132  schanf_20240108       73  0.000000  ...           0      NaN       1.0
133  schanf_20240108       74  0.636364  ...           0      NaN       1.0
134  schanf_20240108       75  1.000000  ...           0      NaN       1.0
135  schanf_20240108       76  0.000000  ...           0      NaN       1.0
136  schanf_20240108       77  0.000000  ...           0      NaN       1.0
137  schanf_20240108       78  0.523490  ...           6      NaN       1.0
138  schanf_20240108       79       NaN  ...           0      NaN       1.0
139  schanf_20240108       81  1.000000  ...           0      NaN       1.0
140  schanf_20240108       83  0.753961  ...         265      NaN       1.0
141  schanf_20240108       87  0.998559  ...          15      NaN       1.0
142  schanf_20240108       88       NaN  ...           0      NaN       1.0
143  schanf_20240108       89  0.105263  ...           0      NaN       1.0
144  schanf_20240108       92       NaN  ...           0      NaN       1.0
145  schanf_20240108       93  1.000000  ...           0      NaN       1.0
146  schanf_20240108       97  1.000000  ...           1      NaN       1.0
147   davos_20240118        1  0.046657  ...       97902      1.0       NaN
148   davos_20240118        2  0.000000  ...        6258      1.0       NaN
149   davos_20240118       33  0.119367  ...           0      1.0       NaN
150   davos_20240118       52  0.005378  ...      111958      1.0       NaN
151   davos_20240118       71  1.000000  ...           0      1.0       NaN
152   davos_20240118       72  0.921434  ...         227      1.0       NaN
153   davos_20240118       73  0.000000  ...         239      1.0       NaN
154   davos_20240118       74  0.055194  ...         278      1.0       NaN
155   davos_20240118       75  0.020360  ...          32      1.0       NaN
156   davos_20240118       76  0.000000  ...          36      1.0       NaN
157   davos_20240118       77  0.000000  ...          41      1.0       NaN
158   davos_20240118       78  0.090352  ...       23826      1.0       NaN
159   davos_20240118       79  0.000046  ...       21917      1.0       NaN
160   davos_20240118       81  1.000000  ...           0      1.0       NaN
161   davos_20240118       85  0.110803  ...       33590      1.0       NaN
162   davos_20240118       87  0.035376  ...       15888      1.0       NaN
163   davos_20240118       89  0.999096  ...        5539      1.0       NaN
164   davos_20240118       93  0.035111  ...       34660      1.0       NaN
165   davos_20240118       14  0.999708  ...         264      1.0       1.0
166   davos_20240118       31  0.999059  ...          89      1.0       1.0
167   davos_20240118       34  0.999722  ...         550      1.0       1.0
168   davos_20240118       35  0.999745  ...          11      1.0       1.0
169   davos_20240118       66  0.999845  ...        1654      1.0       1.0
170   davos_20240118       91  1.000000  ...       18532      1.0       1.0
171   davos_20240118       94  0.999077  ...       30197      1.0       1.0
172   davos_20240118       95  0.998367  ...      255481      1.0       1.0
173   davos_20240118       99  0.999736  ...      242850      1.0       1.0
174   davos_20240118        3  0.935608  ...       11945      NaN       1.0
175   davos_20240118       12  0.000000  ...       10262      NaN       1.0
176   davos_20240118       37  0.981934  ...           0      NaN       1.0
177   davos_20240118       42  0.845015  ...        1539      NaN       1.0
178   davos_20240118       52  0.948464  ...      102620      NaN       1.0
179   davos_20240118       71  0.992308  ...           0      NaN       1.0
180   davos_20240118       72  0.076220  ...           0      NaN       1.0
181   davos_20240118       73  0.000000  ...       11869      NaN       1.0
182   davos_20240118       74  0.910228  ...         267      NaN       1.0
183   davos_20240118       75  0.963398  ...         101      NaN       1.0
184   davos_20240118       76  0.820000  ...           4      NaN       1.0
185   davos_20240118       77  0.824034  ...           0      NaN       1.0
186   davos_20240118       78  0.888493  ...        3231      NaN       1.0
187   davos_20240118       79  0.999225  ...         271      NaN       1.0
188   davos_20240118       81  1.000000  ...           0      NaN       1.0
189   davos_20240118       83  0.999705  ...          75      NaN       1.0
190   davos_20240118       87  0.999333  ...        1059      NaN       1.0
191   davos_20240118       88  0.999616  ...         133      NaN       1.0
192   davos_20240118       89  0.625115  ...         918      NaN       1.0
193   davos_20240118       92  0.970287  ...         829      NaN       1.0
194   davos_20240118       93  0.964160  ...        1293      NaN       1.0
195   davos_20240118       97  0.965067  ...        1943      NaN       1.0
196  schanf_20240119        1  0.000023  ...       44020      1.0       NaN
197  schanf_20240119        2  0.000000  ...         208      1.0       NaN
198  schanf_20240119       33  0.012747  ...           0      1.0       NaN
199  schanf_20240119       52  0.038974  ...      117627      1.0       NaN
200  schanf_20240119       71  1.000000  ...           0      1.0       NaN
201  schanf_20240119       72  1.000000  ...           0      1.0       NaN
202  schanf_20240119       73  0.000000  ...           0      1.0       NaN
203  schanf_20240119       74  0.000000  ...           1      1.0       NaN
204  schanf_20240119       75  0.000000  ...          16      1.0       NaN
205  schanf_20240119       76  0.998190  ...         157      1.0       NaN
206  schanf_20240119       77       NaN  ...           0      1.0       NaN
207  schanf_20240119       78  0.000100  ...       20073      1.0       NaN
208  schanf_20240119       79  0.000075  ...      146754      1.0       NaN
209  schanf_20240119       81  1.000000  ...           0      1.0       NaN
210  schanf_20240119       85  0.000000  ...       26912      1.0       NaN
211  schanf_20240119       87  0.000264  ...        3794      1.0       NaN
212  schanf_20240119       89  1.000000  ...        3254      1.0       NaN
213  schanf_20240119       93  0.000044  ...       51716      1.0       NaN
214  schanf_20240119       14  0.999697  ...         520      1.0       1.0
215  schanf_20240119       31  0.999769  ...          95      1.0       1.0
216  schanf_20240119       34  0.999838  ...        1094      1.0       1.0
217  schanf_20240119       35  0.999838  ...           3      1.0       1.0
218  schanf_20240119       66  0.999844  ...        7992      1.0       1.0
219  schanf_20240119       91  0.999358  ...       22250      1.0       1.0
220  schanf_20240119       94  0.998876  ...       61897      1.0       1.0
221  schanf_20240119       95  0.997751  ...      561995      1.0       1.0
222  schanf_20240119       99  0.999708  ...      610072      1.0       1.0
223  schanf_20240119        3  0.999620  ...        1259      NaN       1.0
224  schanf_20240119       12  0.000000  ...        1657      NaN       1.0
225  schanf_20240119       37  0.999922  ...           0      NaN       1.0
226  schanf_20240119       42  0.999879  ...          24      NaN       1.0
227  schanf_20240119       52  0.473987  ...      118051      NaN       1.0
228  schanf_20240119       71  1.000000  ...           0      NaN       1.0
229  schanf_20240119       72  0.000000  ...         194      NaN       1.0
230  schanf_20240119       73  0.000000  ...       56813      NaN       1.0
231  schanf_20240119       74  0.999292  ...          28      NaN       1.0
232  schanf_20240119       75  0.997590  ...         354      NaN       1.0
233  schanf_20240119       76  0.998190  ...         157      NaN       1.0
234  schanf_20240119       77  0.995911  ...        1175      NaN       1.0
235  schanf_20240119       78  0.999189  ...         393      NaN       1.0
236  schanf_20240119       79  0.999156  ...         802      NaN       1.0
237  schanf_20240119       81  1.000000  ...           0      NaN       1.0
238  schanf_20240119       83  0.999624  ...         543      NaN       1.0
239  schanf_20240119       87  1.000000  ...         837      NaN       1.0
240  schanf_20240119       88  0.999690  ...          29      NaN       1.0
241  schanf_20240119       89  0.795455  ...           0      NaN       1.0
242  schanf_20240119       92  1.000000  ...          43      NaN       1.0
243  schanf_20240119       93  0.999651  ...          30      NaN       1.0
244  schanf_20240119       97  0.706059  ...        8423      NaN       1.0
245  schanf_20240116        1  0.000032  ...       93523      1.0       NaN
246  schanf_20240116        2  0.000000  ...        1036      1.0       NaN
247  schanf_20240116       33  0.005512  ...           0      1.0       NaN
248  schanf_20240116       52  0.003205  ...      304951      1.0       NaN
249  schanf_20240116       71  1.000000  ...           0      1.0       NaN
250  schanf_20240116       72  1.000000  ...           0      1.0       NaN
251  schanf_20240116       73  0.000000  ...        4996      1.0       NaN
252  schanf_20240116       74  0.000000  ...           0      1.0       NaN
253  schanf_20240116       75  0.000049  ...       11621      1.0       NaN
254  schanf_20240116       76  0.000000  ...           0      1.0       NaN
255  schanf_20240116       77  0.000000  ...           0      1.0       NaN
256  schanf_20240116       78  0.000184  ...       87812      1.0       NaN
257  schanf_20240116       79  0.000598  ...       88588      1.0       NaN
258  schanf_20240116       81  1.000000  ...           0      1.0       NaN
259  schanf_20240116       85  0.000000  ...       43588      1.0       NaN
260  schanf_20240116       87  0.239827  ...        6840      1.0       NaN
261  schanf_20240116       89  0.998734  ...       18527      1.0       NaN
262  schanf_20240116       93  0.104685  ...      102652      1.0       NaN
263  schanf_20240116       14  0.999894  ...         316      1.0       1.0
264  schanf_20240116       31  0.998966  ...          65      1.0       1.0
265  schanf_20240116       34  0.999809  ...         440      1.0       1.0
266  schanf_20240116       35  0.999856  ...           3      1.0       1.0
267  schanf_20240116       66  0.999796  ...        6499      1.0       1.0
268  schanf_20240116       91  0.999218  ...      116051      1.0       1.0
269  schanf_20240116       94  0.999043  ...       44147      1.0       1.0
270  schanf_20240116       95  0.998747  ...      322228      1.0       1.0
271  schanf_20240116       99  0.999727  ...      667659      1.0       1.0
272  schanf_20240116        3  0.999741  ...        2427      NaN       1.0
273  schanf_20240116       12  0.000000  ...        8835      NaN       1.0
274  schanf_20240116       37  0.999821  ...           0      NaN       1.0
275  schanf_20240116       42  0.856679  ...        3945      NaN       1.0
276  schanf_20240116       52  0.964417  ...      282013      NaN       1.0
277  schanf_20240116       71  1.000000  ...           0      NaN       1.0
278  schanf_20240116       72  0.000000  ...         149      NaN       1.0
279  schanf_20240116       73  0.000000  ...       90424      NaN       1.0
280  schanf_20240116       74  0.998913  ...         260      NaN       1.0
281  schanf_20240116       75  0.998034  ...         218      NaN       1.0
282  schanf_20240116       76  0.996383  ...          40      NaN       1.0
283  schanf_20240116       77  0.998839  ...           6      NaN       1.0
284  schanf_20240116       78  0.999048  ...        2968      NaN       1.0
285  schanf_20240116       79  0.998647  ...         765      NaN       1.0
286  schanf_20240116       81  1.000000  ...           0      NaN       1.0
287  schanf_20240116       83  0.999694  ...         113      NaN       1.0
288  schanf_20240116       87  0.999666  ...        1862      NaN       1.0
289  schanf_20240116       88  0.800371  ...         174      NaN       1.0
290  schanf_20240116       89  0.128964  ...         168      NaN       1.0
291  schanf_20240116       92  0.858835  ...         958      NaN       1.0
292  schanf_20240116       93  0.895384  ...       12007      NaN       1.0
293  schanf_20240116       97  0.787217  ...       10872      NaN       1.0
294  schanf_20240115        1  0.000055  ...      145220      1.0       NaN
295  schanf_20240115        2  0.000000  ...        1123      1.0       NaN
296  schanf_20240115       33  0.008246  ...           0      1.0       NaN
297  schanf_20240115       52  0.003294  ...      308735      1.0       NaN
298  schanf_20240115       71  1.000000  ...           0      1.0       NaN
299  schanf_20240115       72  0.000000  ...          11      1.0       NaN
300  schanf_20240115       73  0.000000  ...           0      1.0       NaN
301  schanf_20240115       74  0.000000  ...           0      1.0       NaN
302  schanf_20240115       75  0.000000  ...          25      1.0       NaN
303  schanf_20240115       76  0.000000  ...           0      1.0       NaN
304  schanf_20240115       77  0.000000  ...           0      1.0       NaN
305  schanf_20240115       78  0.000109  ...       65157      1.0       NaN
306  schanf_20240115       79  0.000000  ...       54091      1.0       NaN
307  schanf_20240115       81  0.996310  ...           1      1.0       NaN
308  schanf_20240115       85  0.000032  ...       93353      1.0       NaN
309  schanf_20240115       87  0.000036  ...       27829      1.0       NaN
310  schanf_20240115       89  0.998677  ...       21179      1.0       NaN
311  schanf_20240115       93  0.000013  ...       80888      1.0       NaN
312  schanf_20240115       14  0.999699  ...         534      1.0       1.0
313  schanf_20240115       31  0.999508  ...         103      1.0       1.0
314  schanf_20240115       34  0.999740  ...         681      1.0       1.0
315  schanf_20240115       35  0.999739  ...          11      1.0       1.0
316  schanf_20240115       66  0.999774  ...        9143      1.0       1.0
317  schanf_20240115       91  0.999310  ...      128884      1.0       1.0
318  schanf_20240115       94  0.998962  ...       51714      1.0       1.0
319  schanf_20240115       95  0.998675  ...      480288      1.0       1.0
320  schanf_20240115       99  0.999776  ...      776168      1.0       1.0
321  schanf_20240115        3  0.999740  ...        3841      NaN       1.0
322  schanf_20240115       12  0.000000  ...       22596      NaN       1.0
323  schanf_20240115       37  0.802921  ...           0      NaN       1.0
324  schanf_20240115       42  0.999345  ...          96      NaN       1.0
325  schanf_20240115       52  0.975532  ...      272846      NaN       1.0
326  schanf_20240115       71  1.000000  ...           0      NaN       1.0
327  schanf_20240115       72  1.000000  ...           0      NaN       1.0
328  schanf_20240115       73  0.000000  ...      103868      NaN       1.0
329  schanf_20240115       74  0.998998  ...         408      NaN       1.0
330  schanf_20240115       75  0.998028  ...         342      NaN       1.0
331  schanf_20240115       76  1.000000  ...           0      NaN       1.0
332  schanf_20240115       77  1.000000  ...           0      NaN       1.0
333  schanf_20240115       78  0.999170  ...        2687      NaN       1.0
334  schanf_20240115       79  0.999261  ...         597      NaN       1.0
335  schanf_20240115       81  0.996296  ...           2      NaN       1.0
336  schanf_20240115       83  0.999609  ...         356      NaN       1.0
337  schanf_20240115       87  0.999713  ...        2982      NaN       1.0
338  schanf_20240115       88  0.920624  ...         194      NaN       1.0
339  schanf_20240115       89  0.998229  ...          48      NaN       1.0
340  schanf_20240115       92  0.999196  ...        1163      NaN       1.0
341  schanf_20240115       93  0.999679  ...          40      NaN       1.0
342  schanf_20240115       97  0.998403  ...         237      NaN       1.0
343   davos_20240110        1  0.109549  ...      102854      1.0       NaN
344   davos_20240110        2  0.000000  ...       12746      1.0       NaN
345   davos_20240110       33  0.095634  ...           0      1.0       NaN
346   davos_20240110       52  0.003221  ...       85332      1.0       NaN
347   davos_20240110       71  1.000000  ...           0      1.0       NaN
348   davos_20240110       72  0.000000  ...          56      1.0       NaN
349   davos_20240110       73  0.000000  ...           0      1.0       NaN
350   davos_20240110       74  0.000000  ...           0      1.0       NaN
351   davos_20240110       75  0.000000  ...           1      1.0       NaN
352   davos_20240110       76  0.000000  ...           0      1.0       NaN
353   davos_20240110       77  0.000000  ...           0      1.0       NaN
354   davos_20240110       78  0.000084  ...       34201      1.0       NaN
355   davos_20240110       79  0.000000  ...       16618      1.0       NaN
356   davos_20240110       81  1.000000  ...           1      1.0       NaN
357   davos_20240110       85  0.000170  ...       35542      1.0       NaN
358   davos_20240110       87  0.000076  ...       13237      1.0       NaN
359   davos_20240110       89  0.998887  ...        4300      1.0       NaN
360   davos_20240110       93  0.000052  ...       20091      1.0       NaN
361   davos_20240110       14  0.999590  ...         206      1.0       1.0
362   davos_20240110       31  0.999348  ...          69      1.0       1.0
363   davos_20240110       34  0.999731  ...         743      1.0       1.0
364   davos_20240110       35  0.999747  ...          15      1.0       1.0
365   davos_20240110       66  0.999687  ...         619      1.0       1.0
366   davos_20240110       91  0.999468  ...       15776      1.0       1.0
367   davos_20240110       94  0.998976  ...       24822      1.0       1.0
368   davos_20240110       95  0.996890  ...      227930      1.0       1.0
369   davos_20240110       99  0.999785  ...      322162      1.0       1.0
370   davos_20240110        3  0.925339  ...        9776      NaN       1.0
371   davos_20240110       12  0.000000  ...       10064      NaN       1.0
372   davos_20240110       37  1.000000  ...       15527      NaN       1.0
373   davos_20240110       42  0.998735  ...          46      NaN       1.0
374   davos_20240110       52  0.981356  ...       72751      NaN       1.0
375   davos_20240110       71  1.000000  ...           0      NaN       1.0
376   davos_20240110       72  1.000000  ...           0      NaN       1.0
377   davos_20240110       73  0.000000  ...        6028      NaN       1.0
378   davos_20240110       74  0.998156  ...         131      NaN       1.0
379   davos_20240110       75  0.998376  ...          14      NaN       1.0
380   davos_20240110       76  1.000000  ...           0      NaN       1.0
381   davos_20240110       77  1.000000  ...           0      NaN       1.0
382   davos_20240110       78  0.942662  ...        4570      NaN       1.0
383   davos_20240110       79  0.999459  ...         196      NaN       1.0
384   davos_20240110       81  1.000000  ...           1      NaN       1.0
385   davos_20240110       83  0.999539  ...          60      NaN       1.0
386   davos_20240110       87  0.999471  ...        1022      NaN       1.0
387   davos_20240110       88  0.999293  ...          71      NaN       1.0
388   davos_20240110       89  0.772325  ...         364      NaN       1.0
389   davos_20240110       92  1.000000  ...         528      NaN       1.0
390   davos_20240110       93  0.999851  ...           7      NaN       1.0
391   davos_20240110       97  0.997898  ...          97      NaN       1.0
392   davos_20240108        1  0.092665  ...       78953      1.0       NaN
393   davos_20240108        2  0.000000  ...        8194      1.0       NaN
394   davos_20240108       33  0.089645  ...           0      1.0       NaN
395   davos_20240108       52  0.002961  ...       42869      1.0       NaN
396   davos_20240108       71  1.000000  ...           0      1.0       NaN
397   davos_20240108       72  0.984694  ...          28      1.0       NaN
398   davos_20240108       73  0.000000  ...           0      1.0       NaN
399   davos_20240108       74  0.030411  ...          71      1.0       NaN
400   davos_20240108       75  0.000000  ...           0      1.0       NaN
401   davos_20240108       76  0.000000  ...          19      1.0       NaN
402   davos_20240108       77  0.000000  ...          26      1.0       NaN
403   davos_20240108       78  0.028047  ...       24771      1.0       NaN
404   davos_20240108       79  0.000000  ...        8382      1.0       NaN
405   davos_20240108       81  0.970588  ...           1      1.0       NaN
406   davos_20240108       85  0.016926  ...       19938      1.0       NaN
407   davos_20240108       87  0.031023  ...        4807      1.0       NaN
408   davos_20240108       89  0.998981  ...        1710      1.0       NaN
409   davos_20240108       93  0.018010  ...       15760      1.0       NaN
410   davos_20240108       14  0.999653  ...          99      1.0       1.0
411   davos_20240108       31  1.000000  ...          50      1.0       1.0
412   davos_20240108       34  0.999437  ...         301      1.0       1.0
413   davos_20240108       35  0.999668  ...           8      1.0       1.0
414   davos_20240108       66  0.999816  ...         246      1.0       1.0
415   davos_20240108       91  1.000000  ...        7622      1.0       1.0
416   davos_20240108       94  0.998757  ...       18836      1.0       1.0
417   davos_20240108       95  0.997499  ...      157770      1.0       1.0
418   davos_20240108       99  0.999711  ...      183456      1.0       1.0
419   davos_20240108        3  0.905140  ...        9248      NaN       1.0
420   davos_20240108       12  0.000000  ...        3370      NaN       1.0
421   davos_20240108       37  0.987684  ...           0      NaN       1.0
422   davos_20240108       42  0.915364  ...         264      NaN       1.0
423   davos_20240108       52  0.973387  ...       38855      NaN       1.0
424   davos_20240108       71  1.000000  ...           0      NaN       1.0
425   davos_20240108       72  0.015306  ...           0      NaN       1.0
426   davos_20240108       73  0.000000  ...        3556      NaN       1.0
427   davos_20240108       74  0.936192  ...          71      NaN       1.0
428   davos_20240108       75  0.998564  ...           5      NaN       1.0
429   davos_20240108       76  0.387097  ...           1      NaN       1.0
430   davos_20240108       77  0.365854  ...           0      NaN       1.0
431   davos_20240108       78  0.959363  ...        2450      NaN       1.0
432   davos_20240108       79  0.999285  ...         119      NaN       1.0
433   davos_20240108       81  0.970588  ...           1      NaN       1.0
434   davos_20240108       83  0.999671  ...          27      NaN       1.0
435   davos_20240108       87  0.999396  ...         289      NaN       1.0
436   davos_20240108       88  0.839951  ...          89      NaN       1.0
437   davos_20240108       89  0.719986  ...         242      NaN       1.0
438   davos_20240108       92  0.986250  ...         277      NaN       1.0
439   davos_20240108       93  0.981236  ...         298      NaN       1.0
440   davos_20240108       97  0.871916  ...        2701      NaN       1.0
441   davos_20240115        1  0.000070  ...      101416      1.0       NaN
442   davos_20240115        2  0.000000  ...         806      1.0       NaN
443   davos_20240115       33  0.175657  ...           0      1.0       NaN
444   davos_20240115       52  0.000000  ...      116666      1.0       NaN
445   davos_20240115       71  1.000000  ...           0      1.0       NaN
446   davos_20240115       72  0.999700  ...          20      1.0       NaN
447   davos_20240115       73  0.000000  ...           0      1.0       NaN
448   davos_20240115       74  0.296166  ...         389      1.0       NaN
449   davos_20240115       75  0.000000  ...           2      1.0       NaN
450   davos_20240115       76  0.997059  ...          12      1.0       NaN
451   davos_20240115       77  0.997312  ...           1      1.0       NaN
452   davos_20240115       78  0.000360  ...       25344      1.0       NaN
453   davos_20240115       79  0.000392  ...       22914      1.0       NaN
454   davos_20240115       81  1.000000  ...           0      1.0       NaN
455   davos_20240115       85  0.063476  ...       31653      1.0       NaN
456   davos_20240115       87  0.053296  ...       11613      1.0       NaN
457   davos_20240115       89  0.998717  ...        2731      1.0       NaN
458   davos_20240115       93  0.000039  ...       28565      1.0       NaN
459   davos_20240115       14  0.999678  ...         272      1.0       1.0
460   davos_20240115       31  1.000000  ...          70      1.0       1.0
461   davos_20240115       34  1.000000  ...        1436      1.0       1.0
462   davos_20240115       35  1.000000  ...           0      1.0       1.0
463   davos_20240115       66  0.999818  ...        1525      1.0       1.0
464   davos_20240115       91  0.999570  ...       12024      1.0       1.0
465   davos_20240115       94  0.999061  ...       32521      1.0       1.0
466   davos_20240115       95  0.998374  ...      248725      1.0       1.0
467   davos_20240115       99  0.999709  ...      334416      1.0       1.0
468   davos_20240115        3  0.999727  ...        3129      NaN       1.0
469   davos_20240115       12  0.000000  ...        5226      NaN       1.0
470   davos_20240115       37  0.999898  ...           0      NaN       1.0
471   davos_20240115       42  0.998934  ...          23      NaN       1.0
472   davos_20240115       52  0.999681  ...      107286      NaN       1.0
473   davos_20240115       71  1.000000  ...           0      NaN       1.0
474   davos_20240115       72  0.000000  ...           0      NaN       1.0
475   davos_20240115       73  0.000000  ...        9542      NaN       1.0
476   davos_20240115       74  0.635409  ...         109      NaN       1.0
477   davos_20240115       75  0.998480  ...          15      NaN       1.0
478   davos_20240115       76  0.001471  ...           0      NaN       1.0
479   davos_20240115       77  0.001344  ...           0      NaN       1.0
480   davos_20240115       78  0.998509  ...        1943      NaN       1.0
481   davos_20240115       79  0.997562  ...         236      NaN       1.0
482   davos_20240115       81  1.000000  ...           0      NaN       1.0
483   davos_20240115       83  0.967647  ...         785      NaN       1.0
484   davos_20240115       87  0.999511  ...         684      NaN       1.0
485   davos_20240115       88  0.913983  ...          61      NaN       1.0
486   davos_20240115       89  0.611759  ...         748      NaN       1.0
487   davos_20240115       92  0.832017  ...         803      NaN       1.0
488   davos_20240115       93  0.837753  ...        4239      NaN       1.0
489   davos_20240115       97  0.952398  ...        1802      NaN       1.0
490   davos_20240124        1  0.000061  ...       82239      1.0       NaN
491   davos_20240124        2  0.000000  ...         965      1.0       NaN
492   davos_20240124       33  0.119056  ...           0      1.0       NaN
493   davos_20240124       52  0.000015  ...       75948      1.0       NaN
494   davos_20240124       71  1.000000  ...           0      1.0       NaN
495   davos_20240124       72  0.000000  ...         227      1.0       NaN
496   davos_20240124       73  0.000000  ...           0      1.0       NaN
497   davos_20240124       74  0.000000  ...           0      1.0       NaN
498   davos_20240124       75  0.000000  ...           0      1.0       NaN
499   davos_20240124       76  0.000000  ...           0      1.0       NaN
500   davos_20240124       77  0.000000  ...           0      1.0       NaN
501   davos_20240124       78  0.000119  ...       34223      1.0       NaN
502   davos_20240124       79  0.000135  ...       14856      1.0       NaN
503   davos_20240124       81  1.000000  ...           0      1.0       NaN
504   davos_20240124       85  0.000000  ...       16624      1.0       NaN
505   davos_20240124       87  0.000000  ...        6933      1.0       NaN
506   davos_20240124       89  0.998836  ...        4362      1.0       NaN
507   davos_20240124       93  0.000027  ...       38354      1.0       NaN
508   davos_20240124       14  1.000000  ...         160      1.0       1.0
509   davos_20240124       31  1.000000  ...          53      1.0       1.0
510   davos_20240124       34  0.999537  ...         708      1.0       1.0
511   davos_20240124       35  0.999581  ...           9      1.0       1.0
512   davos_20240124       66  0.999735  ...         212      1.0       1.0
513   davos_20240124       91  1.000000  ...       14123      1.0       1.0
514   davos_20240124       94  0.998885  ...       24162      1.0       1.0
515   davos_20240124       95  0.998094  ...      229099      1.0       1.0
516   davos_20240124       99  0.999740  ...      226440      1.0       1.0
517   davos_20240124        3  0.999763  ...        1884      NaN       1.0
518   davos_20240124       12  0.000000  ...        6870      NaN       1.0
519   davos_20240124       37  0.999897  ...           0      NaN       1.0
520   davos_20240124       42  0.999284  ...          31      NaN       1.0
521   davos_20240124       52  0.998894  ...       71448      NaN       1.0
522   davos_20240124       71  1.000000  ...           0      NaN       1.0
523   davos_20240124       72  1.000000  ...           0      NaN       1.0
524   davos_20240124       73  0.000000  ...        2524      NaN       1.0
525   davos_20240124       74  0.999006  ...         118      NaN       1.0
526   davos_20240124       75  0.998709  ...           2      NaN       1.0
527   davos_20240124       76  1.000000  ...           1      NaN       1.0
528   davos_20240124       77  1.000000  ...           0      NaN       1.0
529   davos_20240124       78  0.998928  ...        2561      NaN       1.0
530   davos_20240124       79  0.999462  ...         179      NaN       1.0
531   davos_20240124       81  1.000000  ...           0      NaN       1.0
532   davos_20240124       83  0.999694  ...          18      NaN       1.0
533   davos_20240124       87  0.999135  ...         951      NaN       1.0
534   davos_20240124       88  0.998360  ...          63      NaN       1.0
535   davos_20240124       89  0.998794  ...         175      NaN       1.0
536   davos_20240124       92  1.000000  ...         627      NaN       1.0
537   davos_20240124       93  0.999739  ...          23      NaN       1.0
538   davos_20240124       97  0.968124  ...        2679      NaN       1.0
539  schanf_20240122        1  0.000050  ...       40546      1.0       NaN
540  schanf_20240122        2  0.000000  ...         554      1.0       NaN
541  schanf_20240122       33  0.005068  ...           0      1.0       NaN
542  schanf_20240122       52  0.000028  ...      363392      1.0       NaN
543  schanf_20240122       71  1.000000  ...           0      1.0       NaN
544  schanf_20240122       72  0.999294  ...          24      1.0       NaN
545  schanf_20240122       73  0.000000  ...           0      1.0       NaN
546  schanf_20240122       74  0.337175  ...         264      1.0       NaN
547  schanf_20240122       75  0.000000  ...           7      1.0       NaN
548  schanf_20240122       76  0.997244  ...          74      1.0       NaN
549  schanf_20240122       77       NaN  ...           0      1.0       NaN
550  schanf_20240122       78  0.000155  ...       25880      1.0       NaN
551  schanf_20240122       79  0.000000  ...           7      1.0       NaN
552  schanf_20240122       81  1.000000  ...           0      1.0       NaN
553  schanf_20240122       85  0.192318  ...       34070      1.0       NaN
554  schanf_20240122       87  0.312225  ...       12811      1.0       NaN
555  schanf_20240122       89  0.998825  ...        7396      1.0       NaN
556  schanf_20240122       93  0.000037  ...      114752      1.0       NaN
557  schanf_20240122       14  0.999830  ...         358      1.0       1.0
558  schanf_20240122       31  0.999378  ...          42      1.0       1.0
559  schanf_20240122       34  0.999684  ...         332      1.0       1.0
560  schanf_20240122       35  0.999731  ...          11      1.0       1.0
561  schanf_20240122       66  0.999765  ...        2703      1.0       1.0
562  schanf_20240122       91  0.999238  ...       83708      1.0       1.0
563  schanf_20240122       94  0.999001  ...       72859      1.0       1.0
564  schanf_20240122       95  0.998716  ...      680310      1.0       1.0
565  schanf_20240122       99  0.999763  ...      431314      1.0       1.0
566  schanf_20240122        3  0.999723  ...        2263      NaN       1.0
567  schanf_20240122       12  0.000000  ...        7078      NaN       1.0
568  schanf_20240122       37  0.999842  ...           0      NaN       1.0
569  schanf_20240122       42  0.999540  ...          92      NaN       1.0
570  schanf_20240122       52  0.999532  ...      352742      NaN       1.0
571  schanf_20240122       71  1.000000  ...           0      NaN       1.0
572  schanf_20240122       72  0.000403  ...           0      NaN       1.0
573  schanf_20240122       73  0.000000  ...       14893      NaN       1.0
574  schanf_20240122       74  0.654466  ...          76      NaN       1.0
575  schanf_20240122       75  0.997215  ...         124      NaN       1.0
576  schanf_20240122       76  0.997244  ...          74      NaN       1.0
577  schanf_20240122       77  0.996038  ...         394      NaN       1.0
578  schanf_20240122       78  0.999173  ...         568      NaN       1.0
579  schanf_20240122       79  1.000000  ...           0      NaN       1.0
580  schanf_20240122       81  0.907692  ...           6      NaN       1.0
581  schanf_20240122       83  0.760906  ...       20794      NaN       1.0
582  schanf_20240122       87  0.999570  ...        1271      NaN       1.0
583  schanf_20240122       88  0.964590  ...          71      NaN       1.0
584  schanf_20240122       89  0.190058  ...          93      NaN       1.0
585  schanf_20240122       92  0.828700  ...         788      NaN       1.0
586  schanf_20240122       93  0.848984  ...       16574      NaN       1.0
587  schanf_20240122       97  0.998191  ...         262      NaN       1.0
588  schanf_20240124        1       NaN  ...           0      1.0       NaN
589  schanf_20240124        2  0.000000  ...        1072      1.0       NaN
590  schanf_20240124       33  0.004625  ...           0      1.0       NaN
591  schanf_20240124       52  0.028653  ...      198054      1.0       NaN
592  schanf_20240124       71  1.000000  ...           0      1.0       NaN
593  schanf_20240124       72  1.000000  ...           0      1.0       NaN
594  schanf_20240124       73  0.000000  ...           0      1.0       NaN
595  schanf_20240124       74  0.000000  ...           1      1.0       NaN
596  schanf_20240124       75  0.000000  ...           9      1.0       NaN
597  schanf_20240124       76  0.997267  ...          76      1.0       NaN
598  schanf_20240124       77       NaN  ...           0      1.0       NaN
599  schanf_20240124       78  0.002416  ...       31727      1.0       NaN
600  schanf_20240124       79  0.000061  ...       82043      1.0       NaN
601  schanf_20240124       81  1.000000  ...           0      1.0       NaN
602  schanf_20240124       85  0.000082  ...       36983      1.0       NaN
603  schanf_20240124       87  0.000000  ...        5285      1.0       NaN
604  schanf_20240124       89  0.998958  ...        5953      1.0       NaN
605  schanf_20240124       93  0.000111  ...       90547      1.0       NaN
606  schanf_20240124       14  0.999669  ...         345      1.0       1.0
607  schanf_20240124       31  0.999606  ...          70      1.0       1.0
608  schanf_20240124       34  0.999758  ...         203      1.0       1.0
609  schanf_20240124       35  0.999805  ...           4      1.0       1.0
610  schanf_20240124       66  0.999798  ...        5456      1.0       1.0
611  schanf_20240124       91  0.999320  ...       44234      1.0       1.0
612  schanf_20240124       94  0.998936  ...       61022      1.0       1.0
613  schanf_20240124       95  0.997117  ...      540515      1.0       1.0
614  schanf_20240124       99  0.999762  ...      420659      1.0       1.0
615  schanf_20240124        3  0.999730  ...         847      NaN       1.0
616  schanf_20240124       12  0.000000  ...        9297      NaN       1.0
617  schanf_20240124       37  0.999920  ...           0      NaN       1.0
618  schanf_20240124       42  0.999340  ...          76      NaN       1.0
619  schanf_20240124       52  0.642857  ...      193929      NaN       1.0
620  schanf_20240124       71  1.000000  ...           0      NaN       1.0
621  schanf_20240124       72  0.000000  ...          12      NaN       1.0
622  schanf_20240124       73  0.000000  ...       31135      NaN       1.0
623  schanf_20240124       74  0.999065  ...          94      NaN       1.0
624  schanf_20240124       75  0.998120  ...         115      NaN       1.0
625  schanf_20240124       76  0.997267  ...          76      NaN       1.0
626  schanf_20240124       77  0.996667  ...         695      NaN       1.0
627  schanf_20240124       78  0.996828  ...        1358      NaN       1.0
628  schanf_20240124       79  0.999427  ...         645      NaN       1.0
629  schanf_20240124       81  1.000000  ...           0      NaN       1.0
630  schanf_20240124       83  0.999447  ...         137      NaN       1.0
631  schanf_20240124       87  0.999622  ...        1074      NaN       1.0
632  schanf_20240124       88  0.999822  ...          52      NaN       1.0
633  schanf_20240124       89  0.998553  ...         167      NaN       1.0
634  schanf_20240124       92  0.978622  ...         441      NaN       1.0
635  schanf_20240124       93  0.977711  ...        2043      NaN       1.0
636  schanf_20240124       97  0.998099  ...         369      NaN       1.0
637  schanf_20240117        1  0.000064  ...       47221      1.0       NaN
638  schanf_20240117        2  0.000853  ...        1189      1.0       NaN
639  schanf_20240117       33  0.035663  ...           0      1.0       NaN
640  schanf_20240117       52  0.004963  ...      160698      1.0       NaN
641  schanf_20240117       71  1.000000  ...           0      1.0       NaN
642  schanf_20240117       72  0.999420  ...         113      1.0       NaN
643  schanf_20240117       73  0.000000  ...           0      1.0       NaN
644  schanf_20240117       74  0.148382  ...         189      1.0       NaN
645  schanf_20240117       75  0.000000  ...           1      1.0       NaN
646  schanf_20240117       76  0.998270  ...          10      1.0       NaN
647  schanf_20240117       77  0.999203  ...           1      1.0       NaN
648  schanf_20240117       78  0.000125  ...       40371      1.0       NaN
649  schanf_20240117       79  0.000037  ...       26947      1.0       NaN
650  schanf_20240117       81  1.000000  ...           0      1.0       NaN
651  schanf_20240117       85  0.074333  ...       26204      1.0       NaN
652  schanf_20240117       87  0.145372  ...       11494      1.0       NaN
653  schanf_20240117       89  0.998956  ...        8789      1.0       NaN
654  schanf_20240117       93  0.000027  ...       75661      1.0       NaN
655  schanf_20240117       14  0.999751  ...         314      1.0       1.0
656  schanf_20240117       31  0.999410  ...          20      1.0       1.0
657  schanf_20240117       34  0.999542  ...         646      1.0       1.0
658  schanf_20240117       35  0.999596  ...           8      1.0       1.0
659  schanf_20240117       66  0.999792  ...        2168      1.0       1.0
660  schanf_20240117       91  0.998583  ...       39512      1.0       1.0
661  schanf_20240117       94  0.998865  ...       40328      1.0       1.0
662  schanf_20240117       95  0.996156  ...      348157      1.0       1.0
663  schanf_20240117       99  0.999635  ...      321725      1.0       1.0
664  schanf_20240117        3  0.999816  ...        1897      NaN       1.0
665  schanf_20240117       12  0.000000  ...       26104      NaN       1.0
666  schanf_20240117       37  0.788370  ...           0      NaN       1.0
667  schanf_20240117       42  0.998924  ...          86      NaN       1.0
668  schanf_20240117       52  0.999613  ...      148492      NaN       1.0
669  schanf_20240117       71  1.000000  ...           0      NaN       1.0
670  schanf_20240117       72  0.000000  ...           0      NaN       1.0
671  schanf_20240117       73  0.000000  ...       14490      NaN       1.0
672  schanf_20240117       74  0.832899  ...         274      NaN       1.0
673  schanf_20240117       75  0.997112  ...          53      NaN       1.0
674  schanf_20240117       76  0.000000  ...           0      NaN       1.0
675  schanf_20240117       77  0.000000  ...           0      NaN       1.0
676  schanf_20240117       78  0.997298  ...        2406      NaN       1.0
677  schanf_20240117       79  0.998999  ...         266      NaN       1.0
678  schanf_20240117       81  0.759259  ...          26      NaN       1.0
679  schanf_20240117       83  0.932945  ...        1725      NaN       1.0
680  schanf_20240117       87  0.998960  ...        1795      NaN       1.0
681  schanf_20240117       88  0.999762  ...          92      NaN       1.0
682  schanf_20240117       89  0.142523  ...         153      NaN       1.0
683  schanf_20240117       92  0.909242  ...         763      NaN       1.0
684  schanf_20240117       93  0.919937  ...        6074      NaN       1.0
685  schanf_20240117       97  0.942118  ...        3461      NaN       1.0
686  schanf_20240110        1  0.177839  ...       79280      1.0       NaN
687  schanf_20240110        2  0.098291  ...       17140      1.0       NaN
688  schanf_20240110       33  0.074081  ...           0      1.0       NaN
689  schanf_20240110       52  0.005429  ...      197512      1.0       NaN
690  schanf_20240110       71       NaN  ...           0      1.0       NaN
691  schanf_20240110       72  0.000000  ...           2      1.0       NaN
692  schanf_20240110       73  0.000000  ...        1632      1.0       NaN
693  schanf_20240110       74  0.000000  ...           1      1.0       NaN
694  schanf_20240110       75  0.000000  ...          13      1.0       NaN
695  schanf_20240110       76  0.998739  ...          11      1.0       NaN
696  schanf_20240110       77  0.998462  ...           5      1.0       NaN
697  schanf_20240110       78  0.000000  ...       18989      1.0       NaN
698  schanf_20240110       79  0.000000  ...       11205      1.0       NaN
699  schanf_20240110       81  1.000000  ...           0      1.0       NaN
700  schanf_20240110       85  0.202771  ...       15661      1.0       NaN
701  schanf_20240110       87  0.096806  ...        8255      1.0       NaN
702  schanf_20240110       89  0.998599  ...         655      1.0       NaN
703  schanf_20240110       93  0.072285  ...       46120      1.0       NaN
704  schanf_20240110       14  0.999869  ...         147      1.0       1.0
705  schanf_20240110       31  1.000000  ...          14      1.0       1.0
706  schanf_20240110       34  0.999684  ...         204      1.0       1.0
707  schanf_20240110       35  0.999712  ...          10      1.0       1.0
708  schanf_20240110       66  0.999679  ...        1617      1.0       1.0
709  schanf_20240110       91  0.717369  ...       44303      1.0       1.0
710  schanf_20240110       94  0.999026  ...       88892      1.0       1.0
711  schanf_20240110       95  0.998959  ...      777550      1.0       1.0
712  schanf_20240110       99  0.999759  ...      964106      1.0       1.0
713  schanf_20240110        3  0.999770  ...        1882      NaN       1.0
714  schanf_20240110       12  0.810419  ...           0      NaN       1.0
715  schanf_20240110       37  0.953798  ...           0      NaN       1.0
716  schanf_20240110       42  0.999179  ...          33      NaN       1.0
717  schanf_20240110       52  0.933959  ...      184853      NaN       1.0
718  schanf_20240110       71       NaN  ...           0      NaN       1.0
719  schanf_20240110       72  1.000000  ...           0      NaN       1.0
720  schanf_20240110       73  0.000000  ...       14463      NaN       1.0
721  schanf_20240110       74  0.998967  ...          22      NaN       1.0
722  schanf_20240110       75  0.998339  ...         130      NaN       1.0
723  schanf_20240110       76  0.000000  ...           0      NaN       1.0
724  schanf_20240110       77  0.000000  ...           0      NaN       1.0
725  schanf_20240110       78  0.998935  ...         283      NaN       1.0
726  schanf_20240110       79  0.998930  ...          75      NaN       1.0
727  schanf_20240110       81  0.772727  ...          15      NaN       1.0
728  schanf_20240110       83  0.790805  ...       17325      NaN       1.0
729  schanf_20240110       87  0.999453  ...         534      NaN       1.0
730  schanf_20240110       88  0.947279  ...           6      NaN       1.0
731  schanf_20240110       89  0.998249  ...          27      NaN       1.0
732  schanf_20240110       92  0.901515  ...         105      NaN       1.0
733  schanf_20240110       93  0.927370  ...        3616      NaN       1.0
734  schanf_20240110       97  0.997447  ...         467      NaN       1.0
735  schanf_20240118        1  0.000034  ...       58927      1.0       NaN
736  schanf_20240118        2  0.000000  ...         255      1.0       NaN
737  schanf_20240118       33  0.039159  ...           0      1.0       NaN
738  schanf_20240118       52  0.000043  ...      103739      1.0       NaN
739  schanf_20240118       71       NaN  ...           0      1.0       NaN
740  schanf_20240118       72  0.000000  ...          84      1.0       NaN
741  schanf_20240118       73  0.000000  ...           0      1.0       NaN
742  schanf_20240118       74  0.000000  ...           0      1.0       NaN
743  schanf_20240118       75  0.000000  ...           1      1.0       NaN
744  schanf_20240118       76  0.000000  ...           0      1.0       NaN
745  schanf_20240118       77  0.000000  ...           0      1.0       NaN
746  schanf_20240118       78  0.000229  ...       26269      1.0       NaN
747  schanf_20240118       79  0.000000  ...       23477      1.0       NaN
748  schanf_20240118       81  1.000000  ...           0      1.0       NaN
749  schanf_20240118       85  0.000027  ...       36774      1.0       NaN
750  schanf_20240118       87  0.000000  ...        3948      1.0       NaN
751  schanf_20240118       89  0.998940  ...       24907      1.0       NaN
752  schanf_20240118       93  0.000000  ...           3      1.0       NaN
753  schanf_20240118       14  0.999514  ...         400      1.0       1.0
754  schanf_20240118       31  0.998557  ...         106      1.0       1.0
755  schanf_20240118       34  0.999546  ...        1823      1.0       1.0
756  schanf_20240118       35  0.999617  ...          39      1.0       1.0
757  schanf_20240118       66  0.999785  ...         328      1.0       1.0
758  schanf_20240118       91  0.999232  ...       22673      1.0       1.0
759  schanf_20240118       94  0.998878  ...       29522      1.0       1.0
760  schanf_20240118       95  0.995629  ...      256829      1.0       1.0
761  schanf_20240118       99  0.999751  ...      297978      1.0       1.0
762  schanf_20240118        3  0.999734  ...        4426      NaN       1.0
763  schanf_20240118       12  0.000000  ...       12631      NaN       1.0
764  schanf_20240118       37  0.999675  ...           0      NaN       1.0
765  schanf_20240118       42  0.999232  ...         113      NaN       1.0
766  schanf_20240118       52  0.999580  ...       94229      NaN       1.0
767  schanf_20240118       71       NaN  ...           0      NaN       1.0
768  schanf_20240118       72  1.000000  ...           0      NaN       1.0
769  schanf_20240118       73  0.000000  ...        5411      NaN       1.0
770  schanf_20240118       74  0.997543  ...         113      NaN       1.0
771  schanf_20240118       75  0.998294  ...          22      NaN       1.0
772  schanf_20240118       76  1.000000  ...           0      NaN       1.0
773  schanf_20240118       77  1.000000  ...           0      NaN       1.0
774  schanf_20240118       78  0.998871  ...         662      NaN       1.0
775  schanf_20240118       79  0.999404  ...         176      NaN       1.0
776  schanf_20240118       81  1.000000  ...           0      NaN       1.0
777  schanf_20240118       83  0.999574  ...          25      NaN       1.0
778  schanf_20240118       87  0.999747  ...        3970      NaN       1.0
779  schanf_20240118       88  0.999587  ...         253      NaN       1.0
780  schanf_20240118       89  0.998471  ...         244      NaN       1.0
781  schanf_20240118       92       NaN  ...           0      NaN       1.0
782  schanf_20240118       93  1.000000  ...           0      NaN       1.0
783  schanf_20240118       97  0.998202  ...         118      NaN       1.0
784   davos_20240117        1  0.000034  ...       59388      1.0       NaN
785   davos_20240117        2  0.157371  ...         861      1.0       NaN
786   davos_20240117       33  0.028066  ...           0      1.0       NaN
787   davos_20240117       52  0.000016  ...      142798      1.0       NaN
788   davos_20240117       71  1.000000  ...           0      1.0       NaN
789   davos_20240117       72  0.998201  ...          55      1.0       NaN
790   davos_20240117       73  0.000000  ...         689      1.0       NaN
791   davos_20240117       74  0.204247  ...        1176      1.0       NaN
792   davos_20240117       75  0.000000  ...           1      1.0       NaN
793   davos_20240117       76  0.000000  ...        1691      1.0       NaN
794   davos_20240117       77  0.000000  ...        1858      1.0       NaN
795   davos_20240117       78  0.139711  ...       49881      1.0       NaN
796   davos_20240117       79  0.000000  ...       24747      1.0       NaN
797   davos_20240117       81  1.000000  ...           1      1.0       NaN
798   davos_20240117       85  0.000017  ...       59541      1.0       NaN
799   davos_20240117       87  0.000065  ...       15485      1.0       NaN
800   davos_20240117       89  0.998746  ...       14463      1.0       NaN
801   davos_20240117       93  0.053818  ...       59578      1.0       NaN
802   davos_20240117       14  0.999553  ...         199      1.0       1.0
803   davos_20240117       31  0.835149  ...         516      1.0       1.0
804   davos_20240117       34  0.999778  ...         692      1.0       1.0
805   davos_20240117       35  0.999776  ...          12      1.0       1.0
806   davos_20240117       66  0.999763  ...        1563      1.0       1.0
807   davos_20240117       91  0.999176  ...       33715      1.0       1.0
808   davos_20240117       94  0.998626  ...       25424      1.0       1.0
809   davos_20240117       95  0.999452  ...      214006      1.0       1.0
810   davos_20240117       99  0.999757  ...      304489      1.0       1.0
811   davos_20240117        3  0.909087  ...       16431      NaN       1.0
812   davos_20240117       12  0.000000  ...        5955      NaN       1.0
813   davos_20240117       37  0.999834  ...           0      NaN       1.0
814   davos_20240117       42  0.999423  ...          64      NaN       1.0
815   davos_20240117       52  0.999269  ...      131884      NaN       1.0
816   davos_20240117       71  1.000000  ...           0      NaN       1.0
817   davos_20240117       72  0.001472  ...           0      NaN       1.0
818   davos_20240117       73  0.000000  ...       11498      NaN       1.0
819   davos_20240117       74  0.734284  ...         441      NaN       1.0
820   davos_20240117       75  0.997842  ...          23      NaN       1.0
821   davos_20240117       76  0.025877  ...           1      NaN       1.0
822   davos_20240117       77  0.024672  ...           0      NaN       1.0
823   davos_20240117       78  0.836214  ...        4521      NaN       1.0
824   davos_20240117       79  0.999152  ...         301      NaN       1.0
825   davos_20240117       81  1.000000  ...           1      NaN       1.0
826   davos_20240117       83  0.999621  ...          86      NaN       1.0
827   davos_20240117       87  0.999290  ...        3838      NaN       1.0
828   davos_20240117       88  0.930663  ...         324      NaN       1.0
829   davos_20240117       89  0.998123  ...         459      NaN       1.0
830   davos_20240117       92  0.863151  ...        1552      NaN       1.0
831   davos_20240117       93  0.873278  ...        7796      NaN       1.0
832   davos_20240117       97  0.977927  ...        1541      NaN       1.0
833   davos_20240119        1  0.055756  ...      164559      1.0       NaN
834   davos_20240119        2  0.000000  ...        9954      1.0       NaN
835   davos_20240119       33  0.099162  ...           0      1.0       NaN
836   davos_20240119       52  0.004083  ...      134891      1.0       NaN
837   davos_20240119       71  1.000000  ...           0      1.0       NaN
838   davos_20240119       72  0.981707  ...         175      1.0       NaN
839   davos_20240119       73  0.000000  ...           0      1.0       NaN
840   davos_20240119       74  0.033842  ...          76      1.0       NaN
841   davos_20240119       75  0.000000  ...           4      1.0       NaN
842   davos_20240119       76  0.000000  ...         489      1.0       NaN
843   davos_20240119       77  0.000000  ...         587      1.0       NaN
844   davos_20240119       78  0.073468  ...       55694      1.0       NaN
845   davos_20240119       79  0.000067  ...       29961      1.0       NaN
846   davos_20240119       81  1.000000  ...           1      1.0       NaN
847   davos_20240119       85  0.062231  ...       61120      1.0       NaN
848   davos_20240119       87  0.029991  ...       23669      1.0       NaN
849   davos_20240119       89  0.998707  ...        4707      1.0       NaN
850   davos_20240119       93  0.032782  ...       44985      1.0       NaN
851   davos_20240119       14  0.999901  ...         207      1.0       1.0
852   davos_20240119       31  0.999764  ...         135      1.0       1.0
853   davos_20240119       34  0.999703  ...        1493      1.0       1.0
854   davos_20240119       35  0.999809  ...          18      1.0       1.0
855   davos_20240119       66  0.999812  ...        2752      1.0       1.0
856   davos_20240119       91  0.999663  ...       31146      1.0       1.0
857   davos_20240119       94  0.999024  ...       39186      1.0       1.0
858   davos_20240119       95  0.997814  ...      351133      1.0       1.0
859   davos_20240119       99  0.999694  ...      413338      1.0       1.0
860   davos_20240119        3  0.960239  ...       10764      NaN       1.0
861   davos_20240119       12  0.000000  ...       10013      NaN       1.0
862   davos_20240119       37  0.988881  ...           0      NaN       1.0
863   davos_20240119       42  0.999516  ...          63      NaN       1.0
864   davos_20240119       52  0.954632  ...      124920      NaN       1.0
865   davos_20240119       71  1.000000  ...           0      NaN       1.0
866   davos_20240119       72  0.018735  ...           0      NaN       1.0
867   davos_20240119       73  0.000000  ...       15014      NaN       1.0
868   davos_20240119       74  0.956958  ...         242      NaN       1.0
869   davos_20240119       75  0.997305  ...          90      NaN       1.0
870   davos_20240119       76  0.027778  ...           0      NaN       1.0
871   davos_20240119       77  0.028146  ...           0      NaN       1.0
872   davos_20240119       78  0.907101  ...        5360      NaN       1.0
873   davos_20240119       79  0.999533  ...         325      NaN       1.0
874   davos_20240119       81  1.000000  ...           1      NaN       1.0
875   davos_20240119       83  0.967357  ...        1579      NaN       1.0
876   davos_20240119       87  0.999549  ...        1367      NaN       1.0
877   davos_20240119       88  0.906407  ...          98      NaN       1.0
878   davos_20240119       89  0.663694  ...         471      NaN       1.0
879   davos_20240119       92  0.961849  ...        1146      NaN       1.0
880   davos_20240119       93  0.966194  ...        1577      NaN       1.0
881   davos_20240119       97  0.959362  ...        2150      NaN       1.0

[882 rows x 9 columns]
